2022-09-22 16:02:09 info: =================================
2022-09-22 16:02:09 info: ======= ENV: development =======
2022-09-22 16:02:09 info: 🚀 App listening on the port 3000
2022-09-22 16:02:09 info: =================================
2022-09-22 16:02:11 info: [0mGET / [32m200[0m 2.315 ms - 2[0m
2022-09-22 16:02:11 info: [0mGET /favicon.ico [33m404[0m 1.386 ms - 150[0m
2022-09-22 16:02:18 info: [0mGET /api-docs/ [36m304[0m 2.629 ms - -[0m
2022-09-22 16:02:18 info: [0mGET /api-docs/swagger-ui.css [36m304[0m 1.820 ms - -[0m
2022-09-22 16:02:18 info: [0mGET /api-docs/swagger-ui-standalone-preset.js [36m304[0m 1.834 ms - -[0m
2022-09-22 16:02:18 info: [0mGET /api-docs/swagger-ui-init.js [36m304[0m 0.253 ms - -[0m
2022-09-22 16:02:18 info: [0mGET /api-docs/swagger-ui-bundle.js [36m304[0m 1.372 ms - -[0m
2022-09-22 16:02:24 error: [GET] /users >> StatusCode:: 500, Message:: 
Invalid `this.users.findMany()` invocation in
/Users/pacosw/Documents/practum/src/services/users.service.ts:11:46

   8 public users = new PrismaClient().user;
   9 
  10 public async findAllUser(): Promise<User[]> {
→ 11   const allUser: User[] = await this.users.findMany(
Can't reach database server at `localhost`:`3306`

Please make sure your database server is running at `localhost`:`3306`.
2022-09-22 16:02:24 info: [0mGET /users [31m500[0m 27.345 ms - 424[0m
2022-09-22 16:03:41 info: [0mGET / [36m304[0m 0.463 ms - -[0m
2022-09-22 16:04:27 info: =================================
2022-09-22 16:04:27 info: ======= ENV: development =======
2022-09-22 16:04:27 info: 🚀 App listening on the port 3000
2022-09-22 16:04:27 info: =================================
2022-09-22 16:04:37 info: [0mGET /api-docs/ [36m304[0m 6.260 ms - -[0m
2022-09-22 16:04:37 info: [0mGET /api-docs/swagger-ui.css [36m304[0m 2.502 ms - -[0m
2022-09-22 16:04:37 info: [0mGET /api-docs/swagger-ui-bundle.js [36m304[0m 1.975 ms - -[0m
2022-09-22 16:04:37 info: [0mGET /api-docs/swagger-ui-init.js [36m304[0m 0.214 ms - -[0m
2022-09-22 16:04:37 info: [0mGET /api-docs/swagger-ui-standalone-preset.js [36m304[0m 0.992 ms - -[0m
2022-09-22 16:04:37 info: [0mGET /api-docs/favicon-32x32.png [36m304[0m 0.388 ms - -[0m
2022-09-22 16:04:42 error: [GET] /users >> StatusCode:: 500, Message:: 
Invalid `this.users.findMany()` invocation in
/Users/pacosw/Documents/practum/src/services/users.service.ts:11:46

   8 public users = new PrismaClient().user;
   9 
  10 public async findAllUser(): Promise<User[]> {
→ 11   const allUser: User[] = await this.users.findMany(
The table `User` does not exist in the current database.
2022-09-22 16:04:42 info: [0mGET /users [31m500[0m 61.123 ms - 356[0m
2022-09-22 16:15:28 info: =================================
2022-09-22 16:15:28 info: ======= ENV: development =======
2022-09-22 16:15:28 info: 🚀 App listening on the port 3000
2022-09-22 16:15:28 info: =================================
2022-09-22 16:15:34 info: [0mGET /api-docs/ [36m304[0m 2.953 ms - -[0m
2022-09-22 16:15:34 info: [0mGET /api-docs/swagger-ui.css [36m304[0m 1.592 ms - -[0m
2022-09-22 16:15:34 info: [0mGET /api-docs/swagger-ui-bundle.js [36m304[0m 1.272 ms - -[0m
2022-09-22 16:15:34 info: [0mGET /api-docs/swagger-ui-init.js [36m304[0m 0.186 ms - -[0m
2022-09-22 16:15:34 info: [0mGET /api-docs/swagger-ui-standalone-preset.js [36m304[0m 1.095 ms - -[0m
2022-09-22 16:15:34 info: [0mGET /api-docs/favicon-32x32.png [36m304[0m 0.562 ms - -[0m
2022-09-22 16:15:36 info: [0mGET /users [32m200[0m 34.343 ms - 31[0m
2022-09-22 16:15:51 info: [0mGET /api-docs/ [36m304[0m 1.017 ms - -[0m
2022-09-22 16:15:51 info: [0mGET /api-docs/swagger-ui.css [36m304[0m 1.957 ms - -[0m
2022-09-22 16:15:51 info: [0mGET /api-docs/swagger-ui-bundle.js [36m304[0m 1.646 ms - -[0m
2022-09-22 16:15:51 info: [0mGET /api-docs/swagger-ui-init.js [36m304[0m 0.279 ms - -[0m
2022-09-22 16:15:51 info: [0mGET /api-docs/swagger-ui-standalone-preset.js [36m304[0m 1.801 ms - -[0m
2022-09-22 16:15:51 info: [0mGET /api-docs/favicon-32x32.png [36m304[0m 0.653 ms - -[0m
2022-09-22 16:16:03 error: [POST] /users >> StatusCode:: 400, Message:: email must be an email
2022-09-22 16:16:03 info: [0mPOST /users [33m400[0m 17.837 ms - 36[0m
